[    0.000000] Linux version 4.15.0-163-generic (buildd@lcy01-amd64-021) (gcc version 7.5.0 (Ubuntu 7.5.0-3ubuntu1~18.04)) #171-Ubuntu SMP Fri Nov 5 11:55:11 UTC 2021 (Ubuntu 4.15.0-163.171-generic 4.15.18)
[    0.000000] Command line: BOOT_IMAGE=/boot/vmlinuz-4.15.0-163-generic root=UUID=1e850dd5-02b8-49a5-bb04-39483ee2a3de ro console=tty1 console=ttyS0
[    0.000000] KERNEL supported cpus:
[    0.000000]   Intel GenuineIntel
[    0.000000]   AMD AuthenticAMD
[    0.000000]   Centaur CentaurHauls
[    0.000000] x86/fpu: x87 FPU will use FXSAVE
[    0.000000] e820: BIOS-provided physical RAM map:
[    0.000000] BIOS-e820: [mem 0x0000000000000000-0x000000000009fbff] usable
[    0.000000] BIOS-e820: [mem 0x000000000009fc00-0x000000000009ffff] reserved
[    0.000000] BIOS-e820: [mem 0x00000000000f0000-0x00000000000fffff] reserved
[    0.000000] BIOS-e820: [mem 0x0000000000100000-0x000000001ffeffff] usable
[    0.000000] BIOS-e820: [mem 0x000000001fff0000-0x000000001fffffff] ACPI data
[    0.000000] BIOS-e820: [mem 0x00000000fec00000-0x00000000fec00fff] reserved
[    0.000000] BIOS-e820: [mem 0x00000000fee00000-0x00000000fee00fff] reserved
[    0.000000] BIOS-e820: [mem 0x00000000fffc0000-0x00000000ffffffff] reserved
[    0.000000] NX (Execute Disable) protection: active
[    0.000000] SMBIOS 2.5 present.
[    0.000000] DMI: innotek GmbH VirtualBox/VirtualBox, BIOS VirtualBox 12/01/2006
[    0.000000] Hypervisor detected: KVM
[    0.000000] e820: last_pfn = 0x1fff0 max_arch_pfn = 0x400000000
[    0.000000] MTRR: Disabled
[    0.000000] x86/PAT: MTRRs disabled, skipping PAT initialization too.
[    0.000000] CPU MTRRs all blank - virtualized system.
[    0.000000] x86/PAT: Configuration [0-7]: WB  WT  UC- UC  WB  WT  UC- UC  
[    0.000000] found SMP MP-table at [mem 0x0009fff0-0x0009ffff]
[    0.000000] Scanning 1 areas for low memory corruption
[    0.000000] RAMDISK: [mem 0x1da16000-0x1edfffff]
[    0.000000] ACPI: Early table checksum verification disabled
[    0.000000] ACPI: RSDP 0x00000000000E0000 000024 (v02 VBOX  )
[    0.000000] ACPI: XSDT 0x000000001FFF0030 00003C (v01 VBOX   VBOXXSDT 00000001 ASL  00000061)
[    0.000000] ACPI: FACP 0x000000001FFF00F0 0000F4 (v04 VBOX   VBOXFACP 00000001 ASL  00000061)
[    0.000000] ACPI: DSDT 0x000000001FFF0470 002325 (v02 VBOX   VBOXBIOS 00000002 INTL 20100528)
[    0.000000] ACPI: FACS 0x000000001FFF0200 000040
[    0.000000] ACPI: FACS 0x000000001FFF0200 000040
[    0.000000] ACPI: APIC 0x000000001FFF0240 000054 (v02 VBOX   VBOXAPIC 00000001 ASL  00000061)
[    0.000000] ACPI: SSDT 0x000000001FFF02A0 0001CC (v01 VBOX   VBOXCPUT 00000002 INTL 20100528)
[    0.000000] ACPI: Reserving FACP table memory at [mem 0x1fff00f0-0x1fff01e3]
[    0.000000] ACPI: Reserving DSDT table memory at [mem 0x1fff0470-0x1fff2794]
[    0.000000] ACPI: Reserving FACS table memory at [mem 0x1fff0200-0x1fff023f]
[    0.000000] ACPI: Reserving FACS table memory at [mem 0x1fff0200-0x1fff023f]
[    0.000000] ACPI: Reserving APIC table memory at [mem 0x1fff0240-0x1fff0293]
[    0.000000] ACPI: Reserving SSDT table memory at [mem 0x1fff02a0-0x1fff046b]
[    0.000000] No NUMA configuration found
[    0.000000] Faking a node at [mem 0x0000000000000000-0x000000001ffeffff]
[    0.000000] NODE_DATA(0) allocated [mem 0x1ffc5000-0x1ffeffff]
[    0.000000] kvm-clock: cpu 0, msr 0:1ff44001, primary cpu clock
[    0.000000] kvm-clock: Using msrs 4b564d01 and 4b564d00
[    0.000000] kvm-clock: using sched offset of 9703581383 cycles
[    0.000000] clocksource: kvm-clock: mask: 0xffffffffffffffff max_cycles: 0x1cd42e4dffb, max_idle_ns: 881590591483 ns
[    0.000000] Zone ranges:
[    0.000000]   DMA      [mem 0x0000000000001000-0x0000000000ffffff]
[    0.000000]   DMA32    [mem 0x0000000001000000-0x000000001ffeffff]
[    0.000000]   Normal   empty
[    0.000000]   Device   empty
[    0.000000] Movable zone start for each node
[    0.000000] Early memory node ranges
[    0.000000]   node   0: [mem 0x0000000000001000-0x000000000009efff]
[    0.000000]   node   0: [mem 0x0000000000100000-0x000000001ffeffff]
[    0.000000] Reserved but unavailable: 104 pages
[    0.000000] Initmem setup node 0 [mem 0x0000000000001000-0x000000001ffeffff]
[    0.000000] ACPI: PM-Timer IO Port: 0x4008
[    0.000000] IOAPIC[0]: apic_id 1, version 32, address 0xfec00000, GSI 0-23
[    0.000000] ACPI: INT_SRC_OVR (bus 0 bus_irq 0 global_irq 2 dfl dfl)
[    0.000000] ACPI: INT_SRC_OVR (bus 0 bus_irq 9 global_irq 9 low level)
[    0.000000] Using ACPI (MADT) for SMP configuration information
[    0.000000] smpboot: Allowing 1 CPUs, 0 hotplug CPUs
[    0.000000] PM: Registered nosave memory: [mem 0x00000000-0x00000fff]
[    0.000000] PM: Registered nosave memory: [mem 0x0009f000-0x0009ffff]
[    0.000000] PM: Registered nosave memory: [mem 0x000a0000-0x000effff]
[    0.000000] PM: Registered nosave memory: [mem 0x000f0000-0x000fffff]
[    0.000000] e820: [mem 0x20000000-0xfebfffff] available for PCI devices
[    0.000000] Booting paravirtualized kernel on KVM
[    0.000000] clocksource: refined-jiffies: mask: 0xffffffff max_cycles: 0xffffffff, max_idle_ns: 7645519600211568 ns
[    0.000000] random: get_random_bytes called from start_kernel+0x99/0x500 with crng_init=0
[    0.000000] setup_percpu: NR_CPUS:8192 nr_cpumask_bits:1 nr_cpu_ids:1 nr_node_ids:1
[    0.000000] percpu: Embedded 45 pages/cpu s147456 r8192 d28672 u2097152
[    0.000000] PV qspinlock hash table entries: 256 (order: 0, 4096 bytes)
[    0.000000] Built 1 zonelists, mobility grouping on.  Total pages: 128889
[    0.000000] Policy zone: DMA32
[    0.000000] Kernel command line: BOOT_IMAGE=/boot/vmlinuz-4.15.0-163-generic root=UUID=1e850dd5-02b8-49a5-bb04-39483ee2a3de ro console=tty1 console=ttyS0
[    0.000000] Memory: 465928K/523832K available (12300K kernel code, 2483K rwdata, 4320K rodata, 2448K init, 2724K bss, 57904K reserved, 0K cma-reserved)
[    0.000000] SLUB: HWalign=64, Order=0-3, MinObjects=0, CPUs=1, Nodes=1
[    0.000000] Kernel/User page tables isolation: enabled
[    0.000000] ftrace: allocating 39476 entries in 155 pages
[    0.004000] Hierarchical RCU implementation.
[    0.004000] 	RCU restricting CPUs from NR_CPUS=8192 to nr_cpu_ids=1.
[    0.004000] 	Tasks RCU enabled.
[    0.004000] RCU: Adjusting geometry for rcu_fanout_leaf=16, nr_cpu_ids=1
[    0.004000] NR_IRQS: 524544, nr_irqs: 256, preallocated irqs: 16
[    0.004000] Console: colour VGA+ 80x25
[    0.004000] console [tty1] enabled
[    0.004000] console [ttyS0] enabled
[    0.004000] ACPI: Core revision 20170831
[    0.004000] ACPI: 2 ACPI AML tables successfully acquired and loaded
[    0.004000] APIC: Switch to symmetric I/O mode setup
[    0.008000] ..TIMER: vector=0x30 apic1=0 pin1=2 apic2=-1 pin2=-1
[    0.008010] tsc: Detected 1799.998 MHz processor
[    0.012029] Calibrating delay loop (skipped) preset value.. 3599.99 BogoMIPS (lpj=7199992)
[    0.016010] pid_max: default: 32768 minimum: 301
[    0.020137] Security Framework initialized
[    0.024009] Yama: becoming mindful.
[    0.028051] AppArmor: AppArmor initialized
[    0.032179] Dentry cache hash table entries: 65536 (order: 7, 524288 bytes)
[    0.036103] Inode-cache hash table entries: 32768 (order: 6, 262144 bytes)
[    0.040047] Mount-cache hash table entries: 1024 (order: 1, 8192 bytes)
[    0.044026] Mountpoint-cache hash table entries: 1024 (order: 1, 8192 bytes)
[    0.050754] Last level iTLB entries: 4KB 64, 2MB 8, 4MB 8
[    0.052008] Last level dTLB entries: 4KB 64, 2MB 0, 4MB 0, 1GB 4
[    0.056010] Spectre V1 : Mitigation: usercopy/swapgs barriers and __user pointer sanitization
[    0.060008] Spectre V2 : Mitigation: Full generic retpoline
[    0.064008] Spectre V2 : Spectre v2 / SpectreRSB mitigation: Filling RSB on context switch
[    0.068010] Speculative Store Bypass: Vulnerable
[    0.072101] MDS: Mitigation: Clear CPU buffers
[    0.092000] Freeing SMP alternatives memory: 36K
[    0.216009] APIC calibration not consistent with PM-Timer: 104ms instead of 100ms
[    0.220000] APIC delta adjusted to PM-Timer: 6428065 (6707417)
[    0.221257] smpboot: CPU0: Intel(R) Core(TM) i5-8250U CPU @ 1.60GHz (family: 0x6, model: 0x8e, stepping: 0xa)
[    0.224166] Performance Events: unsupported p6 CPU model 142 no PMU driver, software events only.
[    0.228106] Hierarchical SRCU implementation.
[    0.233465] NMI watchdog: Perf event create on CPU 0 failed with -2
[    0.236006] NMI watchdog: Perf NMI watchdog permanently disabled
[    0.240092] smp: Bringing up secondary CPUs ...
[    0.244008] smp: Brought up 1 node, 1 CPU
[    0.252009] smpboot: Max logical packages: 1
[    0.256011] smpboot: Total of 1 processors activated (3599.99 BogoMIPS)
[    0.260252] devtmpfs: initialized
[    0.264122] x86/mm: Memory block size: 128MB
[    0.268305] evm: security.selinux
[    0.272021] evm: security.SMACK64
[    0.280011] evm: security.SMACK64EXEC
[    0.284006] evm: security.SMACK64TRANSMUTE
[    0.288008] evm: security.SMACK64MMAP
[    0.292007] evm: security.apparmor
[    0.296006] evm: security.ima
[    0.300006] evm: security.capability
[    0.304260] clocksource: jiffies: mask: 0xffffffff max_cycles: 0xffffffff, max_idle_ns: 7645041785100000 ns
[    0.308039] futex hash table entries: 256 (order: 2, 16384 bytes)
[    0.312096] pinctrl core: initialized pinctrl subsystem
[    0.317066] RTC time: 15:04:05, date: 12/24/21
[    0.320308] NET: Registered protocol family 16
[    0.324180] audit: initializing netlink subsys (disabled)
[    0.328401] cpuidle: using governor ladder
[    0.332030] audit: type=2000 audit(1640358255.706:1): state=initialized audit_enabled=0 res=1
[    0.336022] cpuidle: using governor menu
[    0.340131] ACPI: bus type PCI registered
[    0.344012] acpiphp: ACPI Hot Plug PCI Controller Driver version: 0.5
[    0.348768] PCI: Using configuration type 1 for base access
[    0.355057] HugeTLB registered 2.00 MiB page size, pre-allocated 0 pages
[    0.356467] ACPI: Added _OSI(Module Device)
[    0.360021] ACPI: Added _OSI(Processor Device)
[    0.364037] ACPI: Added _OSI(3.0 _SCP Extensions)
[    0.368013] ACPI: Added _OSI(Processor Aggregator Device)
[    0.372032] ACPI: Added _OSI(Linux-Dell-Video)
[    0.376070] ACPI: Added _OSI(Linux-Lenovo-NV-HDMI-Audio)
[    0.380019] ACPI: Added _OSI(Linux-HPI-Hybrid-Graphics)
[    0.388358] ACPI: Executed 1 blocks of module-level executable AML code
[    0.403710] ACPI: Interpreter enabled
[    0.404062] ACPI: (supports S0 S5)
[    0.408012] ACPI: Using IOAPIC for interrupt routing
[    0.412877] PCI: Using host bridge windows from ACPI; if necessary, use "pci=nocrs" and report a bug
[    0.416457] ACPI: Enabled 2 GPEs in block 00 to 07
[    0.447918] ACPI: PCI Root Bridge [PCI0] (domain 0000 [bus 00-ff])
[    0.448038] acpi PNP0A03:00: _OSC: OS supports [ASPM ClockPM Segments MSI]
[    0.457165] acpi PNP0A03:00: _OSC: not requesting OS control; OS requires [ExtendedConfig ASPM ClockPM MSI]
[    0.460064] acpi PNP0A03:00: fail to add MMCONFIG information, can't access extended PCI configuration space under this bridge.
[    0.465450] PCI host bridge to bus 0000:00
[    0.468018] pci_bus 0000:00: root bus resource [io  0x0000-0x0cf7 window]
[    0.472019] pci_bus 0000:00: root bus resource [io  0x0d00-0xffff window]
[    0.476016] pci_bus 0000:00: root bus resource [mem 0x000a0000-0x000bffff window]
[    0.480020] pci_bus 0000:00: root bus resource [mem 0x20000000-0xfdffffff window]
[    0.484018] pci_bus 0000:00: root bus resource [bus 00-ff]
[    0.500111] pci 0000:00:01.1: legacy IDE quirk: reg 0x10: [io  0x01f0-0x01f7]
[    0.504017] pci 0000:00:01.1: legacy IDE quirk: reg 0x14: [io  0x03f6]
[    0.512019] pci 0000:00:01.1: legacy IDE quirk: reg 0x18: [io  0x0170-0x0177]
[    0.516020] pci 0000:00:01.1: legacy IDE quirk: reg 0x1c: [io  0x0376]
[    0.629237] pci 0000:00:07.0: quirk: [io  0x4000-0x403f] claimed by PIIX4 ACPI
[    0.632079] pci 0000:00:07.0: quirk: [io  0x4100-0x410f] claimed by PIIX4 SMB
[    0.664617] ACPI: PCI Interrupt Link [LNKA] (IRQs 5 9 10 *11)
[    0.672646] ACPI: PCI Interrupt Link [LNKB] (IRQs 5 9 *10 11)
[    0.680455] ACPI: PCI Interrupt Link [LNKC] (IRQs 5 *9 10 11)
[    0.684459] ACPI: PCI Interrupt Link [LNKD] (IRQs 5 9 10 *11)
[    0.688925] SCSI subsystem initialized
[    0.692210] pci 0000:00:02.0: vgaarb: setting as boot VGA device
[    0.696000] pci 0000:00:02.0: vgaarb: VGA device added: decodes=io+mem,owns=io+mem,locks=none
[    0.696015] pci 0000:00:02.0: vgaarb: bridge control possible
[    0.700009] vgaarb: loaded
[    0.704091] ACPI: bus type USB registered
[    0.708059] usbcore: registered new interface driver usbfs
[    0.712042] usbcore: registered new interface driver hub
[    0.716033] usbcore: registered new device driver usb
[    0.720140] EDAC MC: Ver: 3.0.0
[    0.729175] PCI: Using ACPI for IRQ routing
[    0.733201] NetLabel: Initializing
[    0.736005] NetLabel:  domain hash size = 128
[    0.740004] NetLabel:  protocols = UNLABELED CIPSOv4 CALIPSO
[    0.744084] NetLabel:  unlabeled traffic allowed by default
[    0.752028] clocksource: Switched to clocksource kvm-clock
[    0.919323] VFS: Disk quotas dquot_6.6.0
[    0.930144] VFS: Dquot-cache hash table entries: 512 (order 0, 4096 bytes)
[    0.948780] AppArmor: AppArmor Filesystem Enabled
[    0.959540] pnp: PnP ACPI init
[    0.972103] pnp: PnP ACPI: found 3 devices
[    1.000981] clocksource: acpi_pm: mask: 0xffffff max_cycles: 0xffffff, max_idle_ns: 2085701024 ns
[    1.023656] NET: Registered protocol family 2
[    1.036875] IP idents hash table entries: 8192 (order: 4, 65536 bytes)
[    1.054500] TCP established hash table entries: 4096 (order: 3, 32768 bytes)
[    1.075195] TCP bind hash table entries: 4096 (order: 4, 65536 bytes)
[    1.093250] TCP: Hash tables configured (established 4096 bind 4096)
[    1.110103] UDP hash table entries: 256 (order: 1, 8192 bytes)
[    1.124591] UDP-Lite hash table entries: 256 (order: 1, 8192 bytes)
[    1.140034] NET: Registered protocol family 1
[    1.152430] pci 0000:00:00.0: Limiting direct PCI/PCI transfers
[    1.166709] pci 0000:00:01.0: Activating ISA DMA hang workarounds
[    1.183127] pci 0000:00:02.0: Video device with shadowed ROM at [mem 0x000c0000-0x000dffff]
[    1.205810] Unpacking initramfs...
[    3.280723] Freeing initrd memory: 20392K
[    3.291886] clocksource: tsc: mask: 0xffffffffffffffff max_cycles: 0x19f227af07c, max_idle_ns: 440795246167 ns
[    3.315252] platform rtc_cmos: registered platform RTC device (no PNP device found)
[    3.335747] Scanning for low memory corruption every 60 seconds
[    3.355505] Initialise system trusted keyrings
[    3.370338] Key type blacklist registered
[    3.384460] workingset: timestamp_bits=36 max_order=17 bucket_order=0
[    3.414856] zbud: loaded
[    3.429601] squashfs: version 4.0 (2009/01/31) Phillip Lougher
[    3.450246] fuse init (API version 7.26)
[    3.474451] Key type asymmetric registered
[    3.487369] Asymmetric key parser 'x509' registered
[    3.504672] Block layer SCSI generic (bsg) driver version 0.4 loaded (major 246)
[    3.518170] io scheduler noop registered
[    3.528605] io scheduler deadline registered
[    3.537292] io scheduler cfq registered (default)
[    3.545152] ACPI: AC Adapter [AC] (off-line)
[    3.556352] input: Power Button as /devices/LNXSYSTM:00/LNXPWRBN:00/input/input0
[    3.569113] ACPI: Power Button [PWRF]
[    3.576349] input: Sleep Button as /devices/LNXSYSTM:00/LNXSLPBN:00/input/input1
[    3.603215] ACPI: Sleep Button [SLPF]
[    3.625004] Serial: 8250/16550 driver, 32 ports, IRQ sharing enabled
[    3.644771] ACPI: Battery Slot [BAT0] (battery present)
[    3.791198] 00:02: ttyS0 at I/O 0x3f8 (irq = 4, base_baud = 115200) is a 16550A
[    3.821793] Linux agpgart interface v0.103
[    3.850045] loop: module loaded
[    3.862983] scsi host0: ata_piix
[    3.872101] scsi host1: ata_piix
[    3.882338] ata1: PATA max UDMA/33 cmd 0x1f0 ctl 0x3f6 bmdma 0xd000 irq 14
[    3.899876] ata2: PATA max UDMA/33 cmd 0x170 ctl 0x376 bmdma 0xd008 irq 15
[    3.922568] libphy: Fixed MDIO Bus: probed
[    3.937787] tun: Universal TUN/TAP device driver, 1.6
[    3.954856] PPP generic driver version 2.4.2
[    3.971329] ehci_hcd: USB 2.0 'Enhanced' Host Controller (EHCI) Driver
[    3.996402] ehci-pci: EHCI PCI platform driver
[    4.012618] ehci-platform: EHCI generic platform driver
[    4.032098] ohci_hcd: USB 1.1 'Open' Host Controller (OHCI) Driver
[    4.053178] ohci-pci: OHCI PCI platform driver
[    4.066691] ohci-platform: OHCI generic platform driver
[    4.208935] uhci_hcd: USB Universal Host Controller Interface driver
[    4.233271] i8042: PNP: PS/2 Controller [PNP0303:PS2K,PNP0f03:PS2M] at 0x60,0x64 irq 1,12
[    4.272093] serio: i8042 KBD port at 0x60,0x64 irq 1
[    4.292469] serio: i8042 AUX port at 0x60,0x64 irq 12
[    4.311435] mousedev: PS/2 mouse device common for all mice
[    4.340650] rtc_cmos rtc_cmos: rtc core: registered rtc_cmos as rtc0
[    4.367544] input: AT Translated Set 2 keyboard as /devices/platform/i8042/serio0/input/input2
[    4.395434] rtc_cmos rtc_cmos: alarms up to one day, 114 bytes nvram
[    4.411110] i2c /dev entries driver
[    4.423435] device-mapper: uevent: version 1.0.3
[    4.437792] device-mapper: ioctl: 4.37.0-ioctl (2017-09-20) initialised: dm-devel@redhat.com
[    4.456983] ledtrig-cpu: registered to indicate activity on CPUs
[    4.475791] NET: Registered protocol family 10
[    4.507024] Segment Routing with IPv6
[    4.520591] NET: Registered protocol family 17
[    4.536789] Key type dns_resolver registered
[    4.551904] mce: Using 0 MCE banks
[    4.566292] RAS: Correctable Errors collector initialized.
[    4.585685] sched_clock: Marking stable (4585480388, 0)->(7593407355, -3007926967)
[    4.604625] registered taskstats version 1
[    4.614562] Loading compiled-in X.509 certificates
[    4.628004] Loaded X.509 cert 'Build time autogenerated kernel key: f60a4c8d126e94dbf36c5faa43fb49029eeea9a9'
[    4.652252] Loaded X.509 cert 'Canonical Ltd. Live Patch Signing: 14df34d1a87cf37625abec039ef2bf521249b969'
[    4.683070] Loaded X.509 cert 'Canonical Ltd. Kernel Module Signing: 88f752e560a1e0737e31163a466ad7b70a850c19'
[    4.721440] zswap: loaded using pool lzo/zbud
[    4.757564] Key type big_key registered
[    4.772776] Key type trusted registered
[    4.793154] Key type encrypted registered
[    4.806879] AppArmor: AppArmor sha1 policy hashing enabled
[    4.822944] ima: No TPM chip found, activating TPM-bypass! (rc=-19)
[    4.838736] ima: Allocated hash algorithm: sha1
[    4.849583] evm: HMAC attrs: 0x1
[    4.857677]   Magic number: 1:944:83
[    4.866867] rtc_cmos rtc_cmos: setting system clock to 2021-12-24 15:04:11 UTC (1640358251)
[    4.886600] BIOS EDD facility v0.16 2004-Jun-25, 0 devices found
[    4.902000] EDD information not available.
[    4.924587] Freeing unused kernel image memory: 2448K
[    4.948996] Write protecting the kernel read-only data: 20480k
[    4.971796] Freeing unused kernel image memory: 2008K
[    4.992923] Freeing unused kernel image memory: 1824K
[    5.048279] x86/mm: Checked W+X mappings: passed, no W+X pages found.
[    5.072375] x86/mm: Checking user space page tables
[    5.108163] x86/mm: Checked W+X mappings: passed, no W+X pages found.
Loading, please wait...
starting version 237
[    5.620542] e1000: Intel(R) PRO/1000 Network Driver - version 7.3.21-k8-NAPI
[    5.646810] e1000: Copyright (c) 1999-2006 Intel Corporation.
[    5.676053] Fusion MPT base driver 3.04.20
[    5.692243] Copyright (c) 1999-2008 LSI Corporation
[    5.890327] Fusion MPT SPI Host driver 3.04.20
[    6.131947] input: ImExPS/2 Generic Explorer Mouse as /devices/platform/i8042/serio1/input/input4
[    7.522001] e1000 0000:00:03.0 eth0: (PCI:33MHz:32-bit) 02:38:bc:e5:bf:66
[    7.544511] e1000 0000:00:03.0 eth0: Intel(R) PRO/1000 Network Connection
[    7.569443] e1000 0000:00:03.0 enp0s3: renamed from eth0
[    7.582854] mptbase: ioc0: Initiating bringup
[    7.710420] ioc0: LSI53C1030 A0: Capabilities={Initiator}
[    8.036603] scsi host2: ioc0: LSI53C1030 A0, FwRev=00000000h, Ports=1, MaxQ=256, IRQ=20
[    8.242912] scsi 2:0:0:0: Direct-Access     VBOX     HARDDISK         1.0  PQ: 0 ANSI: 5
[    8.260890] scsi target2:0:0: Beginning Domain Validation
[    8.276475] random: fast init done
[    8.310338] scsi target2:0:0: Domain Validation skipping write tests
[    8.327078] scsi target2:0:0: Ending Domain Validation
[    8.342258] scsi target2:0:0: asynchronous
[    8.360470] scsi 2:0:1:0: Direct-Access     VBOX     HARDDISK         1.0  PQ: 0 ANSI: 5
[    8.379343] scsi target2:0:1: Beginning Domain Validation
[    8.419316] scsi target2:0:1: Domain Validation skipping write tests
[    8.436940] scsi target2:0:1: Ending Domain Validation
[    8.449963] scsi target2:0:1: asynchronous
[    8.494312] random: systemd-udevd: uninitialized urandom read (16 bytes read)
[    8.516638] sd 2:0:0:0: [sda] 83886080 512-byte logical blocks: (42.9 GB/40.0 GiB)
[    8.535143] sd 2:0:0:0: Attached scsi generic sg0 type 0
[    8.549204] random: systemd-udevd: uninitialized urandom read (16 bytes read)
[    8.566075] sd 2:0:1:0: Attached scsi generic sg1 type 0
[    8.579935] sd 2:0:0:0: [sda] Write Protect is off
[    8.595623] sd 2:0:1:0: [sdb] 20480 512-byte logical blocks: (10.5 MB/10.0 MiB)
[    8.615245] random: systemd-udevd: uninitialized urandom read (16 bytes read)
[    8.635819] sd 2:0:0:0: [sda] Incomplete mode parameter data
[    8.652300] sd 2:0:0:0: [sda] Assuming drive cache: write through
[    8.666194] sd 2:0:1:0: [sdb] Write Protect is off
[    8.681856] sd 2:0:1:0: [sdb] Incomplete mode parameter data
[    8.695890] sd 2:0:1:0: [sdb] Assuming drive cache: write through
[    8.750404]  sda: sda1
[    8.768547] sd 2:0:1:0: [sdb] Attached SCSI disk
[    8.780501] sd 2:0:0:0: [sda] Attached SCSI disk
Begin: Loading essential drivers ... [   12.948190] raid6: sse2x1   gen()  4044 MB/s
[   13.012426] raid6: sse2x1   xor()  3195 MB/s
[   13.076422] raid6: sse2x2   gen()  4635 MB/s
[   13.140127] raid6: sse2x2   xor()  2705 MB/s
[   13.204624] raid6: sse2x4   gen()  4377 MB/s
[   13.268426] raid6: sse2x4   xor()  3614 MB/s
[   13.280402] raid6: using algorithm sse2x2 gen() 4635 MB/s
[   13.292922] raid6: .... xor() 2705 MB/s, rmw enabled
[   13.301970] raid6: using ssse3x2 recovery algorithm
[   13.316179] xor: measuring software checksum speed
[   13.428341]    prefetch64-sse: 17001.000 MB/sec
[   13.544749]    generic_sse: 18359.000 MB/sec
[   13.556197] xor: using function: generic_sse (18359.000 MB/sec)
[   13.572847] async_tx: api initialized (async)
done.
Begin: Running /scripts/init-premount ... done.
Begin: Mounting root file system ... Begin: Running /scripts/local-top ... done.
Begin: Running /scripts/local-premount ... [   13.784428] Btrfs loaded, crc32c=crc32c-intel
Scanning for Btrfs filesystems
done.
Begin: Will now check root file system ... fsck from util-linux 2.31.1
[/sbin/fsck.ext4 (1) -- /dev/sda1] fsck.ext4 -a -C0 /dev/sda1 
cloudimg-rootfs: recovering journal
cloudimg-rootfs: clean, 102495/5120000 files, 843721/10485499 blocks
done.
[   14.419501] EXT4-fs (sda1): mounted filesystem with ordered data mode. Opts: (null)
done.
Begin: Running /scripts/local-bottom ... done.
Begin: Running /scripts/init-bottom ... done.
[   15.162873] ip_tables: (C) 2000-2006 Netfilter Core Team
[   15.228824] systemd[1]: systemd 237 running in system mode. (+PAM +AUDIT +SELINUX +IMA +APPARMOR +SMACK +SYSVINIT +UTMP +LIBCRYPTSETUP +GCRYPT +GNUTLS +ACL +XZ +LZ4 +SECCOMP +BLKID +ELFUTILS +KMOD -IDN2 +IDN -PCRE2 default-hierarchy=hybrid)
[   15.272222] systemd[1]: Detected virtualization oracle.
[   15.282915] systemd[1]: Detected architecture x86-64.

Welcome to [1mUbuntu 18.04.6 LTS[0m!

[   15.327308] systemd[1]: Set hostname to <ubuntu-bionic>.
[   16.472866] systemd[1]: Created slice System Slice.
[[0;32m  OK  [0m] Created slice System Slice.
[   16.490668] systemd[1]: Listening on LVM2 metadata daemon socket.
[[0;32m  OK  [0m] Listening on LVM2 metadata daemon socket.
[   16.517988] systemd[1]: Listening on udev Kernel Socket.
[[0;32m  OK  [0m] Listening on udev Kernel Socket.
[   16.540212] systemd[1]: Reached target User and Group Name Lookups.
[[0;32m  OK  [0m] Reached target User and Group Name Lookups.
[   16.568811] systemd[1]: Listening on Syslog Socket.
[[0;32m  OK  [0m] Listening on Syslog Socket.
[   16.583067] systemd[1]: Listening on Device-mapper event daemon FIFOs.
[[0;32m  OK  [0m] Listening on Device-mapper event daemon FIFOs.
[[0;32m  OK  [0m] Listening on Journal Audit Socket.
[[0;32m  OK  [0m] Created slice system-postgresql.slice.
[[0;32m  OK  [0m] Set up automount Arbitrary Executab…rmats File System Automount Point.
[[0;32m  OK  [0m] Created slice system-serial\x2dgetty.slice.
[[0;32m  OK  [0m] Reached target Swap.
[[0;32m  OK  [0m] Listening on udev Control Socket.
[[0;32m  OK  [0m] Started Forward Password Requests to Wall Directory Watch.
[[0;32m  OK  [0m] Listening on Journal Socket (/dev/log).
[[0;32m  OK  [0m] Reached target System Time Synchronized.
[[0;32m  OK  [0m] Listening on fsck to fsckd communication Socket.
[[0;32m  OK  [0m] Created slice User and Session Slice.
[[0;32m  OK  [0m] Reached target Slices.
[[0;32m  OK  [0m] Listening on LVM2 poll daemon socket.
[[0;32m  OK  [0m] Listening on /dev/initctl Compatibility Named Pipe.
[[0;32m  OK  [0m] Listening on Network Service Netlink Socket.
[[0;32m  OK  [0m] Listening on Journal Socket.
         Mounting Huge Pages File System...
         Starting Load Kernel Modules...
         Starting Remount Root and Kernel File Systems...
         Starting Uncomplicated firewall...
[   16.915031] Loading iSCSI transport class v2.0-870.
         Starting Create list of required st…ce nodes for the current kernel...
         Mounting POSIX Message Queue File System...
         Mounting Kernel Debug File System...
         Starting Journal Service...
         Starting Monitoring of LVM2 mirrors…ng dmeventd or progress polling...
         Starting udev Coldplug all Devices...
[   17.100592] iscsi: registered transport (tcp)
         Starting Set the console keyboard layout...
[[0;32m  OK  [0m] Mounted Huge Pages File System.
[[0;32m  OK  [0m] Started Uncomplicated firewall.[   17.173067] EXT4-fs (sda1): re-mounted. Opts: (null)

[[0;32m  OK  [0m] Started Create list of required sta…vice nodes for the current kernel.
[[0;32m  OK  [0m] Mounted POSIX Message Queue File System.
[   17.237833] random: crng init done
[   17.245957] random: 7 urandom warning(s) missed due to ratelimiting
[[0;32m  OK  [0m] Started Remount Root and Kernel File Systems.
[[0;32m  OK  [0m] Mounted Kernel Debug File System.
         Starting Load/Save Random Seed...
         Starting Create Static Device Nodes in /dev...
[   17.488377] iscsi: registered transport (iser)
[[0;32m  OK  [0m] Started Load/Save Random Seed.
[[0;32m  OK  [0m] Started Load Kernel Modules.
         Mounting Kernel Configuration File System...
         Starting Apply Kernel Variables...
         Mounting FUSE Control File System...
[[0;32m  OK  [0m] Started Create Static Device Nodes in /dev.
[[0;32m  OK  [0m] Mounted Kernel Configuration File System.
[[0;32m  OK  [0m] Mounted FUSE Control File System.
[[0;32m  OK  [0m] Started LVM2 metadata daemon.
         Starting udev Kernel Device Manager...
[[0;32m  OK  [0m] Started Apply Kernel Variables.
[[0;32m  OK  [0m] Started Journal Service.
         Starting Flush Journal to Persistent Storage...
[[0;32m  OK  [0m] Started Monitoring of LVM2 mirrors,…sing dmeventd or progress polling.
[[0;32m  OK  [0m] Started udev Kernel Device Manager.
[[0;32m  OK  [0m] Started udev Coldplug all Devices.
[[0;32m  OK  [0m] Started Set the console keyboard layout.
[[0;32m  OK  [0m] Started Dispatch Password Requests to Console Directory Watch.
[[0;32m  OK  [0m] Reached target Local Encrypted Volumes.
[[0;32m  OK  [0m] Reached target Local File Systems (Pre).
[[0;32m  OK  [0m] Reached target Local File Systems.
         Starting ebtables ruleset management...
         Starting AppArmor initialization...
         Starting Tell Plymouth To Write Out Runtime Data...
         Starting Set console font and keymap...
[[0;32m  OK  [0m] Started Tell Plymouth To Write Out Runtime Data.
[[0;32m  OK  [0m] Started Set console font and keymap.
[[0;32m  OK  [0m] Started Flush Journal to Persistent Storage.
         Starting Create Volatile Files and Directories...
[[0;32m  OK  [0m] Started Create Volatile Files and Directories.
[[0;32m  OK  [0m] Started ebtables ruleset management.
         Starting Update UTMP about System Boot/Shutdown...
[[0;32m  OK  [0m] Started Update UTMP about System Boot/Shutdown.
[[0;32m  OK  [0m] Started AppArmor initialization.
         Starting Initial cloud-init job (pre-networking)...
         Starting Load AppArmor profiles managed internally by snapd...
[[0;32m  OK  [0m] Started Load AppArmor profiles managed internally by snapd.
[[0;32m  OK  [0m] Found device /dev/ttyS0.
[[0;32m  OK  [0m] Listening on Load/Save RF Kill Switch Status /dev/rfkill Watch.
[   27.147645] cloud-init[495]: Cloud-init v. 21.3-1-g6803368d-0ubuntu1~18.04.4 running 'init-local' at Fri, 24 Dec 2021 15:04:32 +0000. Up 25.68 seconds.
[[0;32m  OK  [0m] Started Initial cloud-init job (pre-networking).
[[0;32m  OK  [0m] Reached target Network (Pre).
         Starting Network Service...
[[0;32m  OK  [0m] Started Network Service.
         Starting Wait for Network to be Configured...
         Starting Network Name Resolution...
[[0;32m  OK  [0m] Started Network Name Resolution.
[[0;32m  OK  [0m] Reached target Network.
[[0;32m  OK  [0m] Reached target Host and Network Name Lookups.
[[0;32m  OK  [0m] Started Wait for Network to be Configured.
         Starting Initial cloud-init job (metadata service crawler)...
[   31.673125] cloud-init[648]: Cloud-init v. 21.3-1-g6803368d-0ubuntu1~18.04.4 running 'init' at Fri, 24 Dec 2021 15:04:37 +0000. Up 30.93 seconds.
[   31.726870] cloud-init[648]: ci-info: ++++++++++++++++++++++++++++++++++++++Net device info++++++++++++++++++++++++++++++++++++++
[   31.797674] cloud-init[648]: ci-info: +--------+------+----------------------------+---------------+--------+-------------------+
[   31.839432] cloud-init[648]: ci-info: | Device |  Up  |          Address           |      Mask     | Scope  |     Hw-Address    |
[   31.894791] cloud-init[648]: ci-info: +--------+------+----------------------------+---------------+--------+-------------------+
[   31.933056] cloud-init[648]: ci-info: | enp0s3 | True |         10.0.2.15          | 255.255.255.0 | global | 02:38:bc:e5:bf:66 |
[   31.985166] cloud-init[648]: ci-info: | enp0s3 | True | fe80::38:bcff:fee5:bf66/64 |       .       |  link  | 02:38:bc:e5:bf:66 |
[   32.018790] cloud-init[648]: ci-info: |   lo   | True |         127.0.0.1          |   255.0.0.0   |  host  |         .         |
[   32.059818] cloud-init[648]: ci-info: |   lo   | True |          ::1/128           |       .       |  host  |         .         |
[   32.105785] cloud-init[648]: ci-info: +--------+------+----------------------------+---------------+--------+-------------------+
[   32.142244] cloud-init[648]: ci-info: ++++++++++++++++++++++++++++Route IPv4 info+++++++++++++++++++++++++++++
[   32.165819] cloud-init[648]: ci-info: +-------+-------------+----------+-----------------+-----------+-------+
[   32.187157] cloud-init[648]: ci-info: | Route | Destination | Gateway  |     Genmask     | Interface | Flags |
[   32.220235] cloud-init[648]: ci-info: +-------+-------------+----------+-----------------+-----------+-------+
[   32.256168] cloud-init[648]: ci-info: |   0   |   0.0.0.0   | 10.0.2.2 |     0.0.0.0     |   enp0s3  |   UG  |
[   32.285166] cloud-init[648]: ci-info: |   1   |   10.0.2.0  | 0.0.0.0  |  255.255.255.0  |   enp0s3  |   U   |
[   32.317571] cloud-init[648]: ci-info: |   2   |   10.0.2.2  | 0.0.0.0  | 255.255.255.255 |   enp0s3  |   UH  |
[   32.347208] cloud-init[648]: ci-info: +-------+-------------+----------+-----------------+-----------+-------+
[   32.382999] cloud-init[648]: ci-info: +++++++++++++++++++Route IPv6 info+++++++++++++++++++
[   32.425962] cloud-init[648]: ci-info: +-------+-------------+---------+-----------+-------+
[   32.482631] cloud-init[648]: ci-info: | Route | Destination | Gateway | Interface | Flags |
[   32.524653] cloud-init[648]: ci-info: +-------+-------------+---------+-----------+-------+
[   32.567523] cloud-init[648]: ci-info: |   1   |  fe80::/64  |    ::   |   enp0s3  |   U   |
[   32.613735] cloud-init[648]: ci-info: |   3   |    local    |    ::   |   enp0s3  |   U   |
[   32.656534] cloud-init[648]: ci-info: |   4   |   ff00::/8  |    ::   |   enp0s3  |   U   |
[   32.699184] cloud-init[648]: ci-info: +-------+-------------+---------+-----------+-------+
[[0;32m  OK  [0m] Started Initial cloud-init job (metadata service crawler).
[[0;32m  OK  [0m] Reached target System Initialization.
[[0;32m  OK  [0m] Started ACPI Events Check.
[[0;32m  OK  [0m] Listening on cloud-init hotplug hook socket.
[[0;32m  OK  [0m] Started Trigger to poll for Ubuntu …(Only enabled on GCP LTS non-pro).
[[0;32m  OK  [0m] Started Message of the Day.
         Starting Socket activation for snappy daemon.
[[0;32m  OK  [0m] Reached target Paths.
[[0;32m  OK  [0m] Listening on ACPID Listen Socket.
[[0;32m  OK  [0m] Started Daily apt download activities.
[[0;32m  OK  [0m] Started Ubuntu Advantage Timer for running repeated jobs.
[[0;32m  OK  [0m] Listening on Open-iSCSI iscsid Socket.
[[0;32m  OK  [0m] Listening on D-Bus System Message Bus Socket.
[[0;32m  OK  [0m] Started Daily Cleanup of Temporary Directories.
[[0;32m  OK  [0m] Listening on UUID daemon activation socket.
[[0;32m  OK  [0m] Started Discard unused blocks once a week.
         Starting LXD - unix socket.
[[0;32m  OK  [0m] Started Daily apt upgrade and clean activities.
[[0;32m  OK  [0m] Reached target Timers.
[[0;32m  OK  [0m] Reached target Cloud-config availability.
[[0;32m  OK  [0m] Reached target Network is Online.
         Starting Availability of block devices...
[[0;32m  OK  [0m] Reached target Remote File Systems (Pre).
[[0;32m  OK  [0m] Reached target Remote File Systems.
[[0;32m  OK  [0m] Listening on Socket activation for snappy daemon.
[[0;32m  OK  [0m] Listening on LXD - unix socket.
[[0;32m  OK  [0m] Started Availability of block devices.
[[0;32m  OK  [0m] Reached target Sockets.
[[0;32m  OK  [0m] Reached target Basic System.
         Starting LSB: automatic crash report generation...
         Starting Resets System Activity Data Collector...
[[0;32m  OK  [0m] Started irqbalance daemon.
         Starting Permit User Sessions...
         Starting Dispatcher daemon for systemd-networkd...
         Starting System Logging Service...
         Starting Login Service...
         Starting LSB: Record successful boot for GRUB...
         Starting Accounts Service...
[[0;32m  OK  [0m] Started D-Bus System Message Bus.
[[0;32m  OK  [0m] Started Login Service.
         Starting Virtualbox guest utils...
         Starting PostgreSQL Cluster 12-main...
[[0;32m  OK  [0m] Started Deferred execution scheduler.
         Starting LXD - container startup/shutdown...
[[0;32m  OK  [0m] Started Regular background program processing daemon.
[[0;32m  OK  [0m] Started FUSE filesystem for LXC.
[[0;32m  OK  [0m] Started Unattended Upgrades Shutdown.
         Starting Snap Daemon...
         Starting OpenBSD Secure Shell server...
[[0;32m  OK  [0m] Started System Logging Service.
[[0;32m  OK  [0m] Started Resets System Activity Data Collector.
[[0;32m  OK  [0m] Started Permit User Sessions.
         Starting Authorization Manager...
         Starting Terminate Plymouth Boot Screen...
         Starting Hold until boot process finishes up...
[[0;32m  OK  [0m] Started Hold until boot process finishes up.
[[0;32m  OK  [0m] Started Terminate Plymouth Boot Screen.
[[0;32m  OK  [0m] Started Serial Getty on ttyS0.
         Starting Set console scheme...
[[0;32m  OK  [0m] Started Set console scheme.
[[0;32m  OK  [0m] Created slice system-getty.slice.
[[0;32m  OK  [0m] Started Getty on tty1.
[[0;32m  OK  [0m] Reached target Login Prompts.
[[0;32m  OK  [0m] Started LSB: automatic crash report generation.
[[0;32m  OK  [0m] Started LSB: Record successful boot for GRUB.
[[0;32m  OK  [0m] Started Authorization Manager.
[[0;32m  OK  [0m] Started Accounts Service.
[[0;32m  OK  [0m] Started OpenBSD Secure Shell server.
[[0;32m  OK  [0m] Started LXD - container startup/shutdown.
[[0;32m  OK  [0m] Started Dispatcher daemon for systemd-networkd.
[[0;32m  OK  [0m] Created slice User Slice of vagrant.
         Starting User Manager for UID 1000...
[[0;32m  OK  [0m] Started Session 1 of user vagrant.
[[0;32m  OK  [0m] Started Virtualbox guest utils.
[[0;32m  OK  [0m] Started User Manager for UID 1000.
[[0;32m  OK  [0m] Started Snap Daemon.
         Starting Wait until snapd is fully seeded...

Ubuntu 18.04.6 LTS ubuntu-bionic ttyS0

ubuntu-bionic login: [   45.005494] cloud-init[1009]: Cloud-init v. 21.3-1-g6803368d-0ubuntu1~18.04.4 running 'modules:config' at Fri, 24 Dec 2021 15:04:50 +0000. Up 44.21 seconds.
[   47.545598] cloud-init[1163]: Cloud-init v. 21.3-1-g6803368d-0ubuntu1~18.04.4 running 'modules:final' at Fri, 24 Dec 2021 15:04:53 +0000. Up 47.07 seconds.
[   47.627495] cloud-init[1163]: Cloud-init v. 21.3-1-g6803368d-0ubuntu1~18.04.4 finished at Fri, 24 Dec 2021 15:04:54 +0000. Datasource DataSourceNoCloud [seed=/dev/sdb][dsmode=net].  Up 47.50 seconds
